<?xml version="1.0" encoding="UTF-8"?>
<robot generator="Robot 4.1.2 (Python 3.10.1 on win32)" generated="20240123 19:11:13.213" rpa="false" schemaversion="2">
<suite id="s1" name="testDemo2" source="C:\Users\Aisha\PycharmProjects\pythonProject\rahulshettyDemo\testDemo2.robot">
<test id="s1-t1" name="Validate Cards display in the Shopping Page">
<kw name="open the browser with the Morgage payment url" library="resources" type="SETUP">
<kw name="Open Browser" library="SeleniumLibrary">
<arg>${URL}</arg>
<arg>${BROWSER}</arg>
<doc>Opens a new browser instance to the optional ``url``.</doc>
<msg timestamp="20240123 19:11:13.628" level="INFO">Opening browser 'chrome' to base url 'https://rahulshettyacademy.com/loginpagePractise/'.</msg>
<status status="PASS" starttime="20240123 19:11:13.627" endtime="20240123 19:11:18.627"/>
</kw>
<kw name="Maximize Browser Window" library="SeleniumLibrary">
<doc>Maximizes current browser window.</doc>
<status status="PASS" starttime="20240123 19:11:18.627" endtime="20240123 19:11:18.785"/>
</kw>
<status status="PASS" starttime="20240123 19:11:13.626" endtime="20240123 19:11:18.785"/>
</kw>
<kw name="Fill the login Form">
<arg>${user_name}</arg>
<arg>${valid_password}</arg>
<kw name="Input Text" library="SeleniumLibrary">
<arg>xpath://input[@id='username']</arg>
<arg>${username}</arg>
<doc>Types the given ``text`` into the text field identified by ``locator``.</doc>
<msg timestamp="20240123 19:11:18.791" level="INFO">Typing text 'rahulshettyacademy' into text field 'xpath://input[@id='username']'.</msg>
<status status="PASS" starttime="20240123 19:11:18.787" endtime="20240123 19:11:19.200"/>
</kw>
<kw name="Input Password" library="SeleniumLibrary">
<arg>xpath://input[@id='password']</arg>
<arg>${password}</arg>
<doc>Types the given password into the text field identified by ``locator``.</doc>
<msg timestamp="20240123 19:11:19.201" level="INFO">Typing password into text field 'xpath://input[@id='password']'.</msg>
<msg timestamp="20240123 19:11:19.303" level="INFO">Temporally setting log level to: NONE</msg>
<msg timestamp="20240123 19:11:19.425" level="INFO">Log level changed from NONE to INFO.</msg>
<status status="PASS" starttime="20240123 19:11:19.200" endtime="20240123 19:11:19.425"/>
</kw>
<kw name="Click Button" library="SeleniumLibrary">
<arg>xpath://input[@id='signInBtn']</arg>
<doc>Clicks the button identified by ``locator``.</doc>
<msg timestamp="20240123 19:11:19.426" level="INFO">Clicking button 'xpath://input[@id='signInBtn']'.</msg>
<status status="PASS" starttime="20240123 19:11:19.425" endtime="20240123 19:11:19.537"/>
</kw>
<status status="PASS" starttime="20240123 19:11:18.786" endtime="20240123 19:11:19.538"/>
</kw>
<kw name="wait until Element is located in the page">
<arg>${Shope_page_load}</arg>
<kw name="Wait Until Element Is Visible" library="SeleniumLibrary">
<arg>${element}</arg>
<doc>Waits until the element ``locator`` is visible.</doc>
<status status="PASS" starttime="20240123 19:11:19.542" endtime="20240123 19:11:24.562"/>
</kw>
<status status="PASS" starttime="20240123 19:11:19.541" endtime="20240123 19:11:24.562"/>
</kw>
<kw name="Verify Card titles in the Shop page">
<kw name="Create List" library="BuiltIn">
<var>@{expectedList}</var>
<arg>iphone X</arg>
<arg>Samsung Note 8</arg>
<arg>Nokia Edge</arg>
<arg>Blackberry</arg>
<doc>Returns a list containing given items.</doc>
<msg timestamp="20240123 19:11:24.564" level="INFO">@{expectedList} = [ iphone X | Samsung Note 8 | Nokia Edge | Blackberry ]</msg>
<status status="PASS" starttime="20240123 19:11:24.563" endtime="20240123 19:11:24.564"/>
</kw>
<kw name="Get WebElements" library="SeleniumLibrary">
<var>${elements}</var>
<arg>css:.card-title</arg>
<doc>Returns a list of WebElement objects matching the ``locator``.</doc>
<msg timestamp="20240123 19:11:24.586" level="INFO">${elements} = [&lt;selenium.webdriver.remote.webelement.WebElement (session="59b28eca1f4f78956be000745c620d37", element="D07383ED28442FCD7FA6F6D06604A770_element_222")&gt;, &lt;selenium.webdriver.remote.webelement.WebElemen...</msg>
<status status="PASS" starttime="20240123 19:11:24.564" endtime="20240123 19:11:24.586"/>
</kw>
<kw name="Create List" library="BuiltIn">
<var>@{actualList}</var>
<doc>Returns a list containing given items.</doc>
<msg timestamp="20240123 19:11:24.587" level="INFO">@{actualList} = [ ]</msg>
<status status="PASS" starttime="20240123 19:11:24.587" endtime="20240123 19:11:24.587"/>
</kw>
<for flavor="IN">
<var>${element}</var>
<value>@{elements}</value>
<iter>
<var name="${element}">&lt;selenium.webdriver.remote.webelement.WebElement (session="59b28eca1f4f78956be000745c620d37", element="D07383ED28442FCD7FA6F6D06604A770_element_222")&gt;</var>
<kw name="Log" library="BuiltIn">
<arg>${element.text}</arg>
<doc>Logs the given message with the given level.</doc>
<msg timestamp="20240123 19:11:24.619" level="INFO">iphone X</msg>
<status status="PASS" starttime="20240123 19:11:24.587" endtime="20240123 19:11:24.619"/>
</kw>
<kw name="Append To List" library="Collections">
<arg>${actualList}</arg>
<arg>${element.text}</arg>
<doc>Adds ``values`` to the end of ``list``.</doc>
<status status="PASS" starttime="20240123 19:11:24.620" endtime="20240123 19:11:24.638"/>
</kw>
<status status="PASS" starttime="20240123 19:11:24.587" endtime="20240123 19:11:24.638"/>
</iter>
<iter>
<var name="${element}">&lt;selenium.webdriver.remote.webelement.WebElement (session="59b28eca1f4f78956be000745c620d37", element="D07383ED28442FCD7FA6F6D06604A770_element_237")&gt;</var>
<kw name="Log" library="BuiltIn">
<arg>${element.text}</arg>
<doc>Logs the given message with the given level.</doc>
<msg timestamp="20240123 19:11:24.657" level="INFO">Samsung Note 8</msg>
<status status="PASS" starttime="20240123 19:11:24.638" endtime="20240123 19:11:24.658"/>
</kw>
<kw name="Append To List" library="Collections">
<arg>${actualList}</arg>
<arg>${element.text}</arg>
<doc>Adds ``values`` to the end of ``list``.</doc>
<status status="PASS" starttime="20240123 19:11:24.658" endtime="20240123 19:11:24.676"/>
</kw>
<status status="PASS" starttime="20240123 19:11:24.638" endtime="20240123 19:11:24.676"/>
</iter>
<iter>
<var name="${element}">&lt;selenium.webdriver.remote.webelement.WebElement (session="59b28eca1f4f78956be000745c620d37", element="D07383ED28442FCD7FA6F6D06604A770_element_252")&gt;</var>
<kw name="Log" library="BuiltIn">
<arg>${element.text}</arg>
<doc>Logs the given message with the given level.</doc>
<msg timestamp="20240123 19:11:24.694" level="INFO">Nokia Edge</msg>
<status status="PASS" starttime="20240123 19:11:24.676" endtime="20240123 19:11:24.695"/>
</kw>
<kw name="Append To List" library="Collections">
<arg>${actualList}</arg>
<arg>${element.text}</arg>
<doc>Adds ``values`` to the end of ``list``.</doc>
<status status="PASS" starttime="20240123 19:11:24.695" endtime="20240123 19:11:24.711"/>
</kw>
<status status="PASS" starttime="20240123 19:11:24.676" endtime="20240123 19:11:24.711"/>
</iter>
<iter>
<var name="${element}">&lt;selenium.webdriver.remote.webelement.WebElement (session="59b28eca1f4f78956be000745c620d37", element="D07383ED28442FCD7FA6F6D06604A770_element_267")&gt;</var>
<kw name="Log" library="BuiltIn">
<arg>${element.text}</arg>
<doc>Logs the given message with the given level.</doc>
<msg timestamp="20240123 19:11:24.730" level="INFO">Blackberry</msg>
<status status="PASS" starttime="20240123 19:11:24.712" endtime="20240123 19:11:24.731"/>
</kw>
<kw name="Append To List" library="Collections">
<arg>${actualList}</arg>
<arg>${element.text}</arg>
<doc>Adds ``values`` to the end of ``list``.</doc>
<status status="PASS" starttime="20240123 19:11:24.731" endtime="20240123 19:11:24.749"/>
</kw>
<status status="PASS" starttime="20240123 19:11:24.712" endtime="20240123 19:11:24.749"/>
</iter>
<status status="PASS" starttime="20240123 19:11:24.587" endtime="20240123 19:11:24.749"/>
</for>
<kw name="Lists Should Be Equal" library="Collections">
<arg>${expectedList}</arg>
<arg>${actualList}</arg>
<doc>Fails if given lists are unequal.</doc>
<status status="PASS" starttime="20240123 19:11:24.750" endtime="20240123 19:11:24.751"/>
</kw>
<status status="PASS" starttime="20240123 19:11:24.563" endtime="20240123 19:11:24.751"/>
</kw>
<kw name="Select the Card">
<arg>Blackberry</arg>
<kw name="Get WebElements" library="SeleniumLibrary">
<var>${elements}</var>
<arg>css:.card-title</arg>
<doc>Returns a list of WebElement objects matching the ``locator``.</doc>
<msg timestamp="20240123 19:11:24.767" level="INFO">${elements} = [&lt;selenium.webdriver.remote.webelement.WebElement (session="59b28eca1f4f78956be000745c620d37", element="D07383ED28442FCD7FA6F6D06604A770_element_222")&gt;, &lt;selenium.webdriver.remote.webelement.WebElemen...</msg>
<status status="PASS" starttime="20240123 19:11:24.752" endtime="20240123 19:11:24.768"/>
</kw>
<kw name="Set Variable" library="BuiltIn">
<var>${index}</var>
<arg>-1</arg>
<doc>Returns the given values which can then be assigned to a variables.</doc>
<msg timestamp="20240123 19:11:24.769" level="INFO">${index} = -1</msg>
<status status="PASS" starttime="20240123 19:11:24.768" endtime="20240123 19:11:24.769"/>
</kw>
<for flavor="IN">
<var>${element}</var>
<value>@{elements}</value>
<iter>
<var name="${element}">&lt;selenium.webdriver.remote.webelement.WebElement (session="59b28eca1f4f78956be000745c620d37", element="D07383ED28442FCD7FA6F6D06604A770_element_222")&gt;</var>
<kw name="Evaluate" library="BuiltIn">
<var>${index}</var>
<arg>${index} + 1</arg>
<doc>Evaluates the given expression in Python and returns the result.</doc>
<msg timestamp="20240123 19:11:24.771" level="INFO">${index} = 0</msg>
<status status="PASS" starttime="20240123 19:11:24.770" endtime="20240123 19:11:24.771"/>
</kw>
<kw name="Run Keyword And Return Status" library="BuiltIn">
<var>${found}</var>
<arg>Should Be Equal As Strings</arg>
<arg>${cardName}</arg>
<arg>${element.text}</arg>
<doc>Runs the given keyword with given arguments and returns the status as a Boolean value.</doc>
<kw name="Should Be Equal As Strings" library="BuiltIn">
<arg>${cardName}</arg>
<arg>${element.text}</arg>
<doc>Fails if objects are unequal after converting them to strings.</doc>
<msg timestamp="20240123 19:11:24.790" level="FAIL">Blackberry != iphone X</msg>
<status status="FAIL" starttime="20240123 19:11:24.773" endtime="20240123 19:11:24.790"/>
</kw>
<msg timestamp="20240123 19:11:24.790" level="INFO">${found} = False</msg>
<status status="PASS" starttime="20240123 19:11:24.772" endtime="20240123 19:11:24.790"/>
</kw>
<kw name="Exit For Loop If" library="BuiltIn">
<arg>${found}</arg>
<doc>Stops executing the enclosing for loop if the ``condition`` is true.</doc>
<status status="PASS" starttime="20240123 19:11:24.790" endtime="20240123 19:11:24.791"/>
</kw>
<status status="PASS" starttime="20240123 19:11:24.770" endtime="20240123 19:11:24.791"/>
</iter>
<iter>
<var name="${element}">&lt;selenium.webdriver.remote.webelement.WebElement (session="59b28eca1f4f78956be000745c620d37", element="D07383ED28442FCD7FA6F6D06604A770_element_237")&gt;</var>
<kw name="Evaluate" library="BuiltIn">
<var>${index}</var>
<arg>${index} + 1</arg>
<doc>Evaluates the given expression in Python and returns the result.</doc>
<msg timestamp="20240123 19:11:24.791" level="INFO">${index} = 1</msg>
<status status="PASS" starttime="20240123 19:11:24.791" endtime="20240123 19:11:24.791"/>
</kw>
<kw name="Run Keyword And Return Status" library="BuiltIn">
<var>${found}</var>
<arg>Should Be Equal As Strings</arg>
<arg>${cardName}</arg>
<arg>${element.text}</arg>
<doc>Runs the given keyword with given arguments and returns the status as a Boolean value.</doc>
<kw name="Should Be Equal As Strings" library="BuiltIn">
<arg>${cardName}</arg>
<arg>${element.text}</arg>
<doc>Fails if objects are unequal after converting them to strings.</doc>
<msg timestamp="20240123 19:11:24.806" level="FAIL">Blackberry != Samsung Note 8</msg>
<status status="FAIL" starttime="20240123 19:11:24.792" endtime="20240123 19:11:24.806"/>
</kw>
<msg timestamp="20240123 19:11:24.806" level="INFO">${found} = False</msg>
<status status="PASS" starttime="20240123 19:11:24.791" endtime="20240123 19:11:24.806"/>
</kw>
<kw name="Exit For Loop If" library="BuiltIn">
<arg>${found}</arg>
<doc>Stops executing the enclosing for loop if the ``condition`` is true.</doc>
<status status="PASS" starttime="20240123 19:11:24.807" endtime="20240123 19:11:24.807"/>
</kw>
<status status="PASS" starttime="20240123 19:11:24.791" endtime="20240123 19:11:24.807"/>
</iter>
<iter>
<var name="${element}">&lt;selenium.webdriver.remote.webelement.WebElement (session="59b28eca1f4f78956be000745c620d37", element="D07383ED28442FCD7FA6F6D06604A770_element_252")&gt;</var>
<kw name="Evaluate" library="BuiltIn">
<var>${index}</var>
<arg>${index} + 1</arg>
<doc>Evaluates the given expression in Python and returns the result.</doc>
<msg timestamp="20240123 19:11:24.808" level="INFO">${index} = 2</msg>
<status status="PASS" starttime="20240123 19:11:24.807" endtime="20240123 19:11:24.808"/>
</kw>
<kw name="Run Keyword And Return Status" library="BuiltIn">
<var>${found}</var>
<arg>Should Be Equal As Strings</arg>
<arg>${cardName}</arg>
<arg>${element.text}</arg>
<doc>Runs the given keyword with given arguments and returns the status as a Boolean value.</doc>
<kw name="Should Be Equal As Strings" library="BuiltIn">
<arg>${cardName}</arg>
<arg>${element.text}</arg>
<doc>Fails if objects are unequal after converting them to strings.</doc>
<msg timestamp="20240123 19:11:24.823" level="FAIL">Blackberry != Nokia Edge</msg>
<status status="FAIL" starttime="20240123 19:11:24.808" endtime="20240123 19:11:24.823"/>
</kw>
<msg timestamp="20240123 19:11:24.823" level="INFO">${found} = False</msg>
<status status="PASS" starttime="20240123 19:11:24.808" endtime="20240123 19:11:24.823"/>
</kw>
<kw name="Exit For Loop If" library="BuiltIn">
<arg>${found}</arg>
<doc>Stops executing the enclosing for loop if the ``condition`` is true.</doc>
<status status="PASS" starttime="20240123 19:11:24.823" endtime="20240123 19:11:24.823"/>
</kw>
<status status="PASS" starttime="20240123 19:11:24.807" endtime="20240123 19:11:24.823"/>
</iter>
<iter>
<var name="${element}">&lt;selenium.webdriver.remote.webelement.WebElement (session="59b28eca1f4f78956be000745c620d37", element="D07383ED28442FCD7FA6F6D06604A770_element_267")&gt;</var>
<kw name="Evaluate" library="BuiltIn">
<var>${index}</var>
<arg>${index} + 1</arg>
<doc>Evaluates the given expression in Python and returns the result.</doc>
<msg timestamp="20240123 19:11:24.824" level="INFO">${index} = 3</msg>
<status status="PASS" starttime="20240123 19:11:24.824" endtime="20240123 19:11:24.824"/>
</kw>
<kw name="Run Keyword And Return Status" library="BuiltIn">
<var>${found}</var>
<arg>Should Be Equal As Strings</arg>
<arg>${cardName}</arg>
<arg>${element.text}</arg>
<doc>Runs the given keyword with given arguments and returns the status as a Boolean value.</doc>
<kw name="Should Be Equal As Strings" library="BuiltIn">
<arg>${cardName}</arg>
<arg>${element.text}</arg>
<doc>Fails if objects are unequal after converting them to strings.</doc>
<status status="PASS" starttime="20240123 19:11:24.824" endtime="20240123 19:11:24.838"/>
</kw>
<msg timestamp="20240123 19:11:24.838" level="INFO">${found} = True</msg>
<status status="PASS" starttime="20240123 19:11:24.824" endtime="20240123 19:11:24.838"/>
</kw>
<kw name="Exit For Loop If" library="BuiltIn">
<arg>${found}</arg>
<doc>Stops executing the enclosing for loop if the ``condition`` is true.</doc>
<msg timestamp="20240123 19:11:24.838" level="INFO">Exiting for loop altogether.</msg>
<status status="PASS" starttime="20240123 19:11:24.838" endtime="20240123 19:11:24.839"/>
</kw>
<status status="PASS" starttime="20240123 19:11:24.823" endtime="20240123 19:11:24.839"/>
</iter>
<status status="PASS" starttime="20240123 19:11:24.769" endtime="20240123 19:11:24.839"/>
</for>
<kw name="Run Keyword If" library="BuiltIn">
<arg>'${index}' != '-1'</arg>
<arg>Click Button</arg>
<arg>xpath://body/app-root/app-shop//app-card-list[@class='row']/app-card[${index}]//button[@class='btn btn-info']</arg>
<doc>Runs the given keyword with the given arguments, if ``condition`` is true.</doc>
<kw name="Click Button" library="SeleniumLibrary">
<arg>xpath://body/app-root/app-shop//app-card-list[@class='row']/app-card[${index}]//button[@class='btn btn-info']</arg>
<doc>Clicks the button identified by ``locator``.</doc>
<msg timestamp="20240123 19:11:24.840" level="INFO">Clicking button 'xpath://body/app-root/app-shop//app-card-list[@class='row']/app-card[3]//button[@class='btn btn-info']'.</msg>
<status status="PASS" starttime="20240123 19:11:24.839" endtime="20240123 19:11:24.953"/>
</kw>
<status status="PASS" starttime="20240123 19:11:24.839" endtime="20240123 19:11:24.953"/>
</kw>
<status status="PASS" starttime="20240123 19:11:24.751" endtime="20240123 19:11:24.954"/>
</kw>
<kw name="Close Browser Session" library="resources" type="TEARDOWN">
<kw name="Close Browser" library="SeleniumLibrary">
<doc>Closes the current browser.</doc>
<status status="PASS" starttime="20240123 19:11:24.959" endtime="20240123 19:11:27.270"/>
</kw>
<status status="PASS" starttime="20240123 19:11:24.958" endtime="20240123 19:11:27.271"/>
</kw>
<status status="PASS" starttime="20240123 19:11:13.624" endtime="20240123 19:11:27.273"/>
</test>
<doc>To validate the Login form</doc>
<status status="PASS" starttime="20240123 19:11:13.216" endtime="20240123 19:11:27.279"/>
</suite>
<statistics>
<total>
<stat pass="1" fail="0" skip="0">All Tests</stat>
</total>
<tag>
</tag>
<suite>
<stat pass="1" fail="0" skip="0" id="s1" name="testDemo2">testDemo2</stat>
</suite>
</statistics>
<errors>
</errors>
</robot>
