<?xml version="1.0" encoding="UTF-8"?>
<robot generator="Robot 4.1.2 (Python 3.10.1 on win32)" generated="20240209 17:54:03.988" rpa="false" schemaversion="2">
<suite id="s1" name="testDemo3" source="C:\Users\Aisha\PycharmProjects\pythonProject\rahulshettyDemo\testDemo3.robot">
<test id="s1-t1" name="Validate Child window Functionality">
<kw name="open the browser with the Morgage payment url" library="resources" type="SETUP">
<kw name="Open Browser" library="SeleniumLibrary">
<arg>${URL}</arg>
<arg>${BROWSER}</arg>
<doc>Opens a new browser instance to the optional ``url``.</doc>
<msg timestamp="20240209 17:54:04.610" level="INFO">Opening browser 'chrome' to base url 'https://rahulshettyacademy.com/loginpagePractise/'.</msg>
<status status="PASS" starttime="20240209 17:54:04.609" endtime="20240209 17:54:08.716"/>
</kw>
<kw name="Maximize Browser Window" library="SeleniumLibrary">
<doc>Maximizes current browser window.</doc>
<status status="PASS" starttime="20240209 17:54:08.717" endtime="20240209 17:54:08.931"/>
</kw>
<status status="PASS" starttime="20240209 17:54:04.609" endtime="20240209 17:54:08.931"/>
</kw>
<kw name="Select the link of Child window">
<kw name="Click Element" library="SeleniumLibrary">
<arg>css:.blinkingText</arg>
<doc>Click the element identified by ``locator``.</doc>
<msg timestamp="20240209 17:54:08.933" level="INFO">Clicking element 'css:.blinkingText'.</msg>
<status status="PASS" starttime="20240209 17:54:08.933" endtime="20240209 17:54:09.150"/>
</kw>
<kw name="Sleep" library="BuiltIn">
<arg>5</arg>
<doc>Pauses the test executed for the given time.</doc>
<msg timestamp="20240209 17:54:14.160" level="INFO">Slept 5 seconds</msg>
<status status="PASS" starttime="20240209 17:54:09.150" endtime="20240209 17:54:14.160"/>
</kw>
<status status="PASS" starttime="20240209 17:54:08.932" endtime="20240209 17:54:14.161"/>
</kw>
<kw name="Verify the user is Switched to Child window">
<kw name="Switch Window" library="SeleniumLibrary">
<arg>NEW</arg>
<doc>Switches to browser window matching ``locator``.</doc>
<status status="PASS" starttime="20240209 17:54:14.164" endtime="20240209 17:54:14.214"/>
</kw>
<kw name="Element Text Should Be" library="SeleniumLibrary">
<arg>css:body &gt; div.page-wrapper &gt; section.page-title &gt; div &gt; div &gt; h1</arg>
<arg>DOCUMENTS REQUEST</arg>
<doc>Verifies that element ``locator`` contains exact the text ``expected``.</doc>
<msg timestamp="20240209 17:54:14.216" level="INFO">Verifying element 'css:body &gt; div.page-wrapper &gt; section.page-title &gt; div &gt; div &gt; h1' contains exact text 'DOCUMENTS REQUEST'.</msg>
<status status="PASS" starttime="20240209 17:54:14.215" endtime="20240209 17:54:14.254"/>
</kw>
<status status="PASS" starttime="20240209 17:54:14.162" endtime="20240209 17:54:14.255"/>
</kw>
<kw name="Grab the Email id in the Child window">
<kw name="Get Text" library="SeleniumLibrary">
<var>${text}</var>
<arg>css:.red</arg>
<doc>Returns the text value of the element identified by ``locator``.</doc>
<msg timestamp="20240209 17:54:14.285" level="INFO">${text} = Please email us at mentor@rahulshettyacademy.com with below template to receive response</msg>
<status status="PASS" starttime="20240209 17:54:14.256" endtime="20240209 17:54:14.285"/>
</kw>
<kw name="Split String" library="String">
<var>@{words}</var>
<arg>${text}</arg>
<arg>at</arg>
<doc>Splits the ``string`` using ``separator`` as a delimiter string.</doc>
<msg timestamp="20240209 17:54:14.286" level="INFO">@{words} = [ Please email us  |  mentor@rahulshettyacademy.com with below templ | e to receive response ]</msg>
<status status="PASS" starttime="20240209 17:54:14.285" endtime="20240209 17:54:14.286"/>
</kw>
<kw name="Get From List" library="Collections">
<var>${text_split}</var>
<arg>${words}</arg>
<arg>1</arg>
<doc>Returns the value specified with an ``index`` from ``list``.</doc>
<msg timestamp="20240209 17:54:14.286" level="INFO">${text_split} =  mentor@rahulshettyacademy.com with below templ</msg>
<status status="PASS" starttime="20240209 17:54:14.286" endtime="20240209 17:54:14.286"/>
</kw>
<kw name="Log" library="BuiltIn">
<arg>${text_split}</arg>
<doc>Logs the given message with the given level.</doc>
<msg timestamp="20240209 17:54:14.287" level="INFO"> mentor@rahulshettyacademy.com with below templ</msg>
<status status="PASS" starttime="20240209 17:54:14.286" endtime="20240209 17:54:14.287"/>
</kw>
<kw name="Split String" library="String">
<var>@{words_2}</var>
<arg>${text_split}</arg>
<doc>Splits the ``string`` using ``separator`` as a delimiter string.</doc>
<msg timestamp="20240209 17:54:14.287" level="INFO">@{words_2} = [ mentor@rahulshettyacademy.com | with | below | templ ]</msg>
<status status="PASS" starttime="20240209 17:54:14.287" endtime="20240209 17:54:14.287"/>
</kw>
<kw name="Get From List" library="Collections">
<var>${email}</var>
<arg>${words_2}</arg>
<arg>0</arg>
<doc>Returns the value specified with an ``index`` from ``list``.</doc>
<msg timestamp="20240209 17:54:14.288" level="INFO">${email} = mentor@rahulshettyacademy.com</msg>
<status status="PASS" starttime="20240209 17:54:14.287" endtime="20240209 17:54:14.288"/>
</kw>
<kw name="Set Global Variable" library="BuiltIn">
<arg>${email}</arg>
<doc>Makes a variable available globally in all tests and suites.</doc>
<msg timestamp="20240209 17:54:14.288" level="INFO">${email} = mentor@rahulshettyacademy.com</msg>
<status status="PASS" starttime="20240209 17:54:14.288" endtime="20240209 17:54:14.288"/>
</kw>
<status status="PASS" starttime="20240209 17:54:14.255" endtime="20240209 17:54:14.288"/>
</kw>
<kw name="Switch to Parent window and enter the email">
<kw name="Switch Window" library="SeleniumLibrary">
<arg>MAIN</arg>
<doc>Switches to browser window matching ``locator``.</doc>
<status status="PASS" starttime="20240209 17:54:14.289" endtime="20240209 17:54:14.345"/>
</kw>
<kw name="Title Should Be" library="SeleniumLibrary">
<arg>LoginPage Practise | Rahul Shetty Academy</arg>
<doc>Verifies that the current page title equals ``title``.</doc>
<msg timestamp="20240209 17:54:14.362" level="INFO">Page title is 'LoginPage Practise | Rahul Shetty Academy'.</msg>
<status status="PASS" starttime="20240209 17:54:14.346" endtime="20240209 17:54:14.362"/>
</kw>
<kw name="Input Text" library="SeleniumLibrary">
<arg>xpath://input[@id='username']</arg>
<arg>${email}</arg>
<doc>Types the given ``text`` into the text field identified by ``locator``.</doc>
<msg timestamp="20240209 17:54:14.363" level="INFO">Typing text 'mentor@rahulshettyacademy.com' into text field 'xpath://input[@id='username']'.</msg>
<status status="PASS" starttime="20240209 17:54:14.362" endtime="20240209 17:54:14.775"/>
</kw>
<status status="PASS" starttime="20240209 17:54:14.289" endtime="20240209 17:54:14.775"/>
</kw>
<kw name="Close Browser Session" library="resources" type="TEARDOWN">
<kw name="Close Browser" library="SeleniumLibrary">
<doc>Closes the current browser.</doc>
<status status="PASS" starttime="20240209 17:54:14.789" endtime="20240209 17:54:17.319"/>
</kw>
<status status="PASS" starttime="20240209 17:54:14.788" endtime="20240209 17:54:17.320"/>
</kw>
<status status="PASS" starttime="20240209 17:54:04.607" endtime="20240209 17:54:17.321"/>
</test>
<doc>To validate the Login form</doc>
<status status="PASS" starttime="20240209 17:54:03.992" endtime="20240209 17:54:17.326"/>
</suite>
<statistics>
<total>
<stat pass="1" fail="0" skip="0">All Tests</stat>
</total>
<tag>
</tag>
<suite>
<stat pass="1" fail="0" skip="0" id="s1" name="testDemo3">testDemo3</stat>
</suite>
</statistics>
<errors>
</errors>
</robot>
